Using pre-set license
Built from '2020.2/staging' branch; Version is '2020.2.7f1 (c53830e277f1) revision 12924976'; Using compiler version '192528614'; Build Type 'Release'
OS: 'Windows 10 Home Single Language; OS build 19043.1348; Version 2009; 64bit' Language: 'ru' Physical Memory: 3977 MB
BatchMode: 1, IsHumanControllingUs: 0, StartBugReporterOnCrash: 0, Is64bit: 1, IsPro: 0

 COMMAND LINE ARGUMENTS:
C:\Program Files\Unity\Editor\Unity.exe
-adb2
-batchMode
-noUpm
-name
AssetImportWorker1
-projectPath
C:/Users/79320/My project
-logFile
Logs/AssetImportWorker1.log
-srvPort
49783
Successfully changed project path to: C:/Users/79320/My project
C:/Users/79320/My project
Using Asset Import Pipeline V2.
Refreshing native plugins compatible for Editor in 77.52 ms, found 0 plugins.
Preloading 0 native plugins for Editor in 0.00 ms.
Initialize engine version: 2020.2.7f1 (c53830e277f1)
[Subsystems] Discovering subsystems at path C:/Program Files/Unity/Editor/Data/Resources/UnitySubsystems
[Subsystems] Discovering subsystems at path C:/Users/79320/My project/Assets
GfxDevice: creating device client; threaded=0
Direct3D:
    Version:  Direct3D 11.0 [level 11.1]
    Renderer: AMD Radeon(TM) R4 Graphics (ID=0x98e4)
    Vendor:   
    VRAM:     1988 MB
    Driver:   27.20.15030.3002
Initialize mono
Mono path[0] = 'C:/Program Files/Unity/Editor/Data/Managed'
Mono path[1] = 'C:/Program Files/Unity/Editor/Data/MonoBleedingEdge/lib/mono/unityjit'
Mono config path = 'C:/Program Files/Unity/Editor/Data/MonoBleedingEdge/etc'
Using monoOptions --debugger-agent=transport=dt_socket,embedding=1,server=y,suspend=n,address=127.0.0.1:56100
Begin MonoManager ReloadAssembly
Registering precompiled unity dll's ...
Register platform support module: C:/Program Files/Unity/Editor/Data/PlaybackEngines/WindowsStandaloneSupport/UnityEditor.WindowsStandalone.Extensions.dll
Registered in 0.021057 seconds.
Native extension for WindowsStandalone target not found
Refreshing native plugins compatible for Editor in 260.64 ms, found 0 plugins.
Preloading 0 native plugins for Editor in 0.00 ms.
Invoked RoslynAnalysisRunner static constructor.
RoslynAnalysisRunner will not be running.
RoslynAnalysisRunner has terminated.
Mono: successfully reloaded assembly
- Completed reload, in 10.703 seconds
Platform modules already initialized, skipping
Registering precompiled user dll's ...
Registered in 0.029044 seconds.
Begin MonoManager ReloadAssembly
Native extension for WindowsStandalone target not found
Refreshing native plugins compatible for Editor in 0.51 ms, found 0 plugins.
Preloading 0 native plugins for Editor in 0.00 ms.
Invoked RoslynAnalysisRunner static constructor.
RoslynAnalysisRunner will not be running.
RoslynAnalysisRunner has terminated.
Mono: successfully reloaded assembly
- Completed reload, in  4.630 seconds
Platform modules already initialized, skipping
========================================================================
Worker process is ready to serve import requests
Launched and connected shader compiler UnityShaderCompiler.exe after 0.42 seconds
Refreshing native plugins compatible for Editor in 0.60 ms, found 0 plugins.
Preloading 0 native plugins for Editor in 0.00 ms.
Unloading 1116 Unused Serialized files (Serialized files now loaded: 0)
System memory in use before: 57.7 MB.
System memory in use after: 57.8 MB.

Unloading 9 unused Assets to reduce memory usage. Loaded Objects now: 1566.
Total: 15.638900 ms (FindLiveObjects: 0.828800 ms CreateObjectMapping: 0.153000 ms MarkObjects: 14.505600 ms  DeleteObjects: 0.147300 ms)

========================================================================
Received Import Request.
  path: Assets/Activator.cs
  artifactKey: Guid(533eeb42abd92e34f9c0641a9f21515f) Importer(815301076,1909f56bfc062723c751e8b465ee728b)
Start importing Assets/Activator.cs using Guid(533eeb42abd92e34f9c0641a9f21515f) Importer(815301076,1909f56bfc062723c751e8b465ee728b)  -> (artifact id: '175befc8eada6997c4f2873b80929aac') in 0.121908 seconds
  Import took 0.130349 seconds .

========================================================================
Received Import Request.
  Time since last request: 39.809535 seconds.
  path: Assets/Activator.cs
  artifactKey: Guid(533eeb42abd92e34f9c0641a9f21515f) Importer(815301076,1909f56bfc062723c751e8b465ee728b)
Start importing Assets/Activator.cs using Guid(533eeb42abd92e34f9c0641a9f21515f) Importer(815301076,1909f56bfc062723c751e8b465ee728b)  -> (artifact id: '52c8989e2d4ab2fadf516626c4c0ea07') in 0.016944 seconds
  Import took 0.026256 seconds .

========================================================================
Received Prepare
Registering precompiled user dll's ...
Registered in 0.004156 seconds.
Begin MonoManager ReloadAssembly
Native extension for WindowsStandalone target not found
Refreshing native plugins compatible for Editor in 0.51 ms, found 0 plugins.
Preloading 0 native plugins for Editor in 0.00 ms.
Invoked RoslynAnalysisRunner static constructor.
RoslynAnalysisRunner will not be running.
RoslynAnalysisRunner has terminated.
Mono: successfully reloaded assembly
- Completed reload, in  3.927 seconds
Platform modules already initialized, skipping
Refreshing native plugins compatible for Editor in 1.10 ms, found 0 plugins.
Preloading 0 native plugins for Editor in 0.00 ms.
Unloading 1110 Unused Serialized files (Serialized files now loaded: 0)
System memory in use before: 57.6 MB.
System memory in use after: 57.7 MB.

Unloading 4 unused Assets to reduce memory usage. Loaded Objects now: 1569.
Total: 29.093000 ms (FindLiveObjects: 2.158600 ms CreateObjectMapping: 0.437500 ms MarkObjects: 26.356400 ms  DeleteObjects: 0.133200 ms)

========================================================================
Received Import Request.
  Time since last request: 43.329283 seconds.
  path: Assets/Activator.cs
  artifactKey: Guid(533eeb42abd92e34f9c0641a9f21515f) Importer(815301076,1909f56bfc062723c751e8b465ee728b)
Start importing Assets/Activator.cs using Guid(533eeb42abd92e34f9c0641a9f21515f) Importer(815301076,1909f56bfc062723c751e8b465ee728b)  -> (artifact id: 'e9f88168a624de6875adf7205f1a902b') in 0.098955 seconds
  Import took 0.135925 seconds .

========================================================================
Received Import Request.
  Time since last request: 158.314030 seconds.
  path: Assets/Materials/normal.mat
  artifactKey: Guid(d1632588842f75d4ba285267a08fc4db) Importer(815301076,1909f56bfc062723c751e8b465ee728b)
Start importing Assets/Materials/normal.mat using Guid(d1632588842f75d4ba285267a08fc4db) Importer(815301076,1909f56bfc062723c751e8b465ee728b)  -> (artifact id: '223055a31dfe356cdf205fd9522d1bfa') in 0.870318 seconds
  Import took 0.882668 seconds .

========================================================================
Received Import Request.
  Time since last request: 0.000614 seconds.
  path: Assets/Materials/transperent.mat
  artifactKey: Guid(b86f1aacfcf66fd4ba46cfb4e4a49a46) Importer(815301076,1909f56bfc062723c751e8b465ee728b)
Start importing Assets/Materials/transperent.mat using Guid(b86f1aacfcf66fd4ba46cfb4e4a49a46) Importer(815301076,1909f56bfc062723c751e8b465ee728b)  -> (artifact id: '861846344f4dc14b1c6c700bd4c17b74') in 0.088698 seconds
  Import took 0.099808 seconds .

========================================================================
Received Prepare
Registering precompiled user dll's ...
Registered in 0.036214 seconds.
Begin MonoManager ReloadAssembly
Native extension for WindowsStandalone target not found
Refreshing native plugins compatible for Editor in 0.51 ms, found 0 plugins.
Preloading 0 native plugins for Editor in 0.00 ms.
Invoked RoslynAnalysisRunner static constructor.
RoslynAnalysisRunner will not be running.
RoslynAnalysisRunner has terminated.
Mono: successfully reloaded assembly
- Completed reload, in  5.040 seconds
Platform modules already initialized, skipping
Refreshing native plugins compatible for Editor in 7.31 ms, found 0 plugins.
Preloading 0 native plugins for Editor in 0.00 ms.
Unloading 1110 Unused Serialized files (Serialized files now loaded: 0)
System memory in use before: 61.0 MB.
System memory in use after: 61.1 MB.

Unloading 4 unused Assets to reduce memory usage. Loaded Objects now: 1612.
Total: 30.762200 ms (FindLiveObjects: 0.607200 ms CreateObjectMapping: 0.133200 ms MarkObjects: 29.969200 ms  DeleteObjects: 0.047200 ms)

========================================================================
Received Prepare
Registering precompiled user dll's ...
Registered in 0.022639 seconds.
Begin MonoManager ReloadAssembly
Native extension for WindowsStandalone target not found
Refreshing native plugins compatible for Editor in 0.46 ms, found 0 plugins.
Preloading 0 native plugins for Editor in 0.00 ms.
Invoked RoslynAnalysisRunner static constructor.
RoslynAnalysisRunner will not be running.
RoslynAnalysisRunner has terminated.
Mono: successfully reloaded assembly
- Completed reload, in  1.961 seconds
Platform modules already initialized, skipping
Refreshing native plugins compatible for Editor in 0.48 ms, found 0 plugins.
Preloading 0 native plugins for Editor in 0.00 ms.
Unloading 1110 Unused Serialized files (Serialized files now loaded: 0)
System memory in use before: 61.0 MB.
System memory in use after: 61.1 MB.

Unloading 4 unused Assets to reduce memory usage. Loaded Objects now: 1615.
Total: 7.313500 ms (FindLiveObjects: 0.542500 ms CreateObjectMapping: 0.098500 ms MarkObjects: 6.612500 ms  DeleteObjects: 0.036500 ms)

========================================================================
Received Prepare
Registering precompiled user dll's ...
Registered in 0.014762 seconds.
Begin MonoManager ReloadAssembly
Native extension for WindowsStandalone target not found
Refreshing native plugins compatible for Editor in 1.00 ms, found 0 plugins.
Preloading 0 native plugins for Editor in 0.00 ms.
Invoked RoslynAnalysisRunner static constructor.
RoslynAnalysisRunner will not be running.
RoslynAnalysisRunner has terminated.
Mono: successfully reloaded assembly
- Completed reload, in  2.842 seconds
Platform modules already initialized, skipping
Refreshing native plugins compatible for Editor in 0.47 ms, found 0 plugins.
Preloading 0 native plugins for Editor in 0.00 ms.
Unloading 1110 Unused Serialized files (Serialized files now loaded: 0)
System memory in use before: 61.0 MB.
System memory in use after: 61.1 MB.

Unloading 4 unused Assets to reduce memory usage. Loaded Objects now: 1618.
Total: 3.352200 ms (FindLiveObjects: 0.344000 ms CreateObjectMapping: 0.081400 ms MarkObjects: 2.889800 ms  DeleteObjects: 0.034300 ms)

========================================================================
Received Prepare
Registering precompiled user dll's ...
Registered in 0.005069 seconds.
Begin MonoManager ReloadAssembly
Native extension for WindowsStandalone target not found
Refreshing native plugins compatible for Editor in 0.46 ms, found 0 plugins.
Preloading 0 native plugins for Editor in 0.00 ms.
Invoked RoslynAnalysisRunner static constructor.
RoslynAnalysisRunner will not be running.
RoslynAnalysisRunner has terminated.
Mono: successfully reloaded assembly
- Completed reload, in  7.317 seconds
Platform modules already initialized, skipping
Refreshing native plugins compatible for Editor in 0.46 ms, found 0 plugins.
Preloading 0 native plugins for Editor in 0.00 ms.
Unloading 1110 Unused Serialized files (Serialized files now loaded: 0)
System memory in use before: 61.0 MB.
System memory in use after: 61.1 MB.

Unloading 4 unused Assets to reduce memory usage. Loaded Objects now: 1621.
Total: 3.998100 ms (FindLiveObjects: 0.465800 ms CreateObjectMapping: 0.131000 ms MarkObjects: 3.361600 ms  DeleteObjects: 0.035500 ms)

========================================================================
Received Prepare
Registering precompiled user dll's ...
Registered in 0.002655 seconds.
Begin MonoManager ReloadAssembly
Native extension for WindowsStandalone target not found
Refreshing native plugins compatible for Editor in 0.47 ms, found 0 plugins.
Preloading 0 native plugins for Editor in 0.00 ms.
Invoked RoslynAnalysisRunner static constructor.
RoslynAnalysisRunner will not be running.
RoslynAnalysisRunner has terminated.
Mono: successfully reloaded assembly
- Completed reload, in  4.493 seconds
Platform modules already initialized, skipping
Refreshing native plugins compatible for Editor in 0.47 ms, found 0 plugins.
Preloading 0 native plugins for Editor in 0.00 ms.
Unloading 1110 Unused Serialized files (Serialized files now loaded: 0)
System memory in use before: 61.0 MB.
System memory in use after: 61.1 MB.

Unloading 4 unused Assets to reduce memory usage. Loaded Objects now: 1624.
Total: 3.686800 ms (FindLiveObjects: 0.370900 ms CreateObjectMapping: 0.098400 ms MarkObjects: 3.175500 ms  DeleteObjects: 0.037800 ms)

========================================================================
Received Import Request.
  Time since last request: 1032.556727 seconds.
  path: Assets/Player.cs
  artifactKey: Guid(af6b1180391fbf843b4500334629c8ed) Importer(815301076,1909f56bfc062723c751e8b465ee728b)
Start importing Assets/Player.cs using Guid(af6b1180391fbf843b4500334629c8ed) Importer(815301076,1909f56bfc062723c751e8b465ee728b)  -> (artifact id: '56ff168c72e32664e493f17ea994b2c8') in 0.013037 seconds
  Import took 0.017842 seconds .

========================================================================
Received Import Request.
  Time since last request: 238.325096 seconds.
  path: Assets/Player.cs
  artifactKey: Guid(af6b1180391fbf843b4500334629c8ed) Importer(815301076,1909f56bfc062723c751e8b465ee728b)
Start importing Assets/Player.cs using Guid(af6b1180391fbf843b4500334629c8ed) Importer(815301076,1909f56bfc062723c751e8b465ee728b)  -> (artifact id: '27a1b316515dd6a2946ca415d5ee3036') in 0.037429 seconds
  Import took 0.057319 seconds .

========================================================================
Received Import Request.
  Time since last request: 113.990843 seconds.
  path: Assets/Materials
  artifactKey: Guid(9d5f3cf220fd00748804e9092fc93a79) Importer(815301076,1909f56bfc062723c751e8b465ee728b)
Start importing Assets/Materials using Guid(9d5f3cf220fd00748804e9092fc93a79) Importer(815301076,1909f56bfc062723c751e8b465ee728b)  -> (artifact id: '9dfd3d9a3fea3a9cd2ed030a4ab90613') in 0.015999 seconds
  Import took 0.023217 seconds .

========================================================================
Received Prepare
Registering precompiled user dll's ...
Registered in 0.007479 seconds.
Begin MonoManager ReloadAssembly
Native extension for WindowsStandalone target not found
Refreshing native plugins compatible for Editor in 0.45 ms, found 0 plugins.
Preloading 0 native plugins for Editor in 0.00 ms.
Invoked RoslynAnalysisRunner static constructor.
RoslynAnalysisRunner will not be running.
RoslynAnalysisRunner has terminated.
Mono: successfully reloaded assembly
- Completed reload, in  2.075 seconds
Platform modules already initialized, skipping
Refreshing native plugins compatible for Editor in 0.49 ms, found 0 plugins.
Preloading 0 native plugins for Editor in 0.00 ms.
Unloading 1110 Unused Serialized files (Serialized files now loaded: 0)
System memory in use before: 61.0 MB.
System memory in use after: 61.1 MB.

Unloading 4 unused Assets to reduce memory usage. Loaded Objects now: 1627.
Total: 4.766000 ms (FindLiveObjects: 0.368300 ms CreateObjectMapping: 0.100700 ms MarkObjects: 4.120700 ms  DeleteObjects: 0.171800 ms)

========================================================================
Received Prepare
Registering precompiled user dll's ...
Registered in 0.002867 seconds.
Begin MonoManager ReloadAssembly
Native extension for WindowsStandalone target not found
Refreshing native plugins compatible for Editor in 0.50 ms, found 0 plugins.
Preloading 0 native plugins for Editor in 0.00 ms.
Invoked RoslynAnalysisRunner static constructor.
RoslynAnalysisRunner will not be running.
RoslynAnalysisRunner has terminated.
Mono: successfully reloaded assembly
- Completed reload, in  5.115 seconds
Platform modules already initialized, skipping
Refreshing native plugins compatible for Editor in 0.58 ms, found 0 plugins.
Preloading 0 native plugins for Editor in 0.00 ms.
Unloading 1110 Unused Serialized files (Serialized files now loaded: 0)
System memory in use before: 61.0 MB.
System memory in use after: 61.1 MB.

Unloading 4 unused Assets to reduce memory usage. Loaded Objects now: 1630.
Total: 5.660400 ms (FindLiveObjects: 0.412400 ms CreateObjectMapping: 0.135000 ms MarkObjects: 5.063400 ms  DeleteObjects: 0.045500 ms)

AssetImportWorkerClient::OnTransportError - code=2 error=End of file
